/*C5*/SET SCHEMA PUBLIC
DISCONNECT
/*C6*/SET SCHEMA PUBLIC
create table Curso (id integer generated by default as identity (start with 1), descripcion varchar(500), horario varchar(50), nombre varchar(100), semestre varchar(20), profesor_id integer, tipoCurso_id integer, primary key (id))
create table Estudiante (id integer generated by default as identity (start with 1), apellido varchar(100), email varchar(100), nombre varchar(100), primary key (id))
create table Inscripcion (id integer generated by default as identity (start with 1), fechaInscripcion date, curso_id integer, estudiante_id integer, primary key (id))
create table Profesor (id integer generated by default as identity (start with 1), apellido varchar(100), email varchar(100), nombre varchar(100), telefono varchar(20), primary key (id))
create table TipoCurso (id integer generated by default as identity (start with 1), descripcion varchar(200), nombre varchar(50), primary key (id))
alter table Curso add constraint FKmsrvpxe6d1gq9cdt590isqaon foreign key (profesor_id) references Profesor
alter table Curso add constraint FKbt5aqv3c2l23yd85d316r8chs foreign key (tipoCurso_id) references TipoCurso
alter table Inscripcion add constraint FKmvrctejb4pijjti4rkdwl4n8l foreign key (curso_id) references Curso
alter table Inscripcion add constraint FKh7g82q69v6rkr4h09gaeu9rwo foreign key (estudiante_id) references Estudiante
INSERT INTO TIPOCURSO VALUES(1,'Curso sin practica en el mundo real o sin creacion de productos.','Teorico')
COMMIT
INSERT INTO TIPOCURSO VALUES(2,'Curso donde se realiza productos y se tiene una aplicacion directa en el mundo real','Practico')
COMMIT
INSERT INTO PROFESOR VALUES(1,'Alva','juanAlva@gmail.com','Juan','0934582144')
COMMIT
INSERT INTO CURSO VALUES(1,'Introduccion al calculo','12:00 a 16:00','Calculo 1','Primer Semestre',1,1)
COMMIT
INSERT INTO ESTUDIANTE VALUES(1,'Suarez','AngelS@gmail.com','Angel')
COMMIT
INSERT INTO INSCRIPCION VALUES(1,'2024-09-12',1,1)
COMMIT
